2024-06-25 11:30:34 DEBUG TestNG:82 - suiteXmlPath: "C:\Users\gopika.a\SeleniumUdemy\OpenCartV12\master.xml"
2024-06-25 11:30:42 DEBUG PackageRelationshipCollection:307 - Parsing relationship: /xl/_rels/workbook.xml.rels
2024-06-25 11:30:42 DEBUG PackageRelationshipCollection:307 - Parsing relationship: /xl/worksheets/_rels/sheet1.xml.rels
2024-06-25 11:30:42 DEBUG PackageRelationshipCollection:307 - Parsing relationship: /_rels/.rels
2024-06-25 11:30:43 DEBUG PackageRelationshipCollection:307 - Parsing relationship: /xl/_rels/workbook.xml.rels
2024-06-25 11:30:43 DEBUG PackageRelationshipCollection:307 - Parsing relationship: /xl/worksheets/_rels/sheet1.xml.rels
2024-06-25 11:30:43 DEBUG PackageRelationshipCollection:307 - Parsing relationship: /_rels/.rels
2024-06-25 11:30:43 DEBUG PackageRelationshipCollection:307 - Parsing relationship: /xl/_rels/workbook.xml.rels
2024-06-25 11:30:43 DEBUG PackageRelationshipCollection:307 - Parsing relationship: /xl/worksheets/_rels/sheet1.xml.rels
2024-06-25 11:30:43 DEBUG PackageRelationshipCollection:307 - Parsing relationship: /_rels/.rels
2024-06-25 11:30:43 DEBUG PackageRelationshipCollection:307 - Parsing relationship: /xl/_rels/workbook.xml.rels
2024-06-25 11:30:43 DEBUG PackageRelationshipCollection:307 - Parsing relationship: /xl/worksheets/_rels/sheet1.xml.rels
2024-06-25 11:30:43 DEBUG PackageRelationshipCollection:307 - Parsing relationship: /_rels/.rels
2024-06-25 11:30:43 DEBUG PackageRelationshipCollection:307 - Parsing relationship: /xl/_rels/workbook.xml.rels
2024-06-25 11:30:43 DEBUG PackageRelationshipCollection:307 - Parsing relationship: /xl/worksheets/_rels/sheet1.xml.rels
2024-06-25 11:30:43 DEBUG PackageRelationshipCollection:307 - Parsing relationship: /_rels/.rels
2024-06-25 11:30:43 DEBUG PackageRelationshipCollection:307 - Parsing relationship: /xl/_rels/workbook.xml.rels
2024-06-25 11:30:43 DEBUG PackageRelationshipCollection:307 - Parsing relationship: /xl/worksheets/_rels/sheet1.xml.rels
2024-06-25 11:30:43 DEBUG PackageRelationshipCollection:307 - Parsing relationship: /_rels/.rels
2024-06-25 11:30:43 DEBUG PackageRelationshipCollection:307 - Parsing relationship: /xl/_rels/workbook.xml.rels
2024-06-25 11:30:43 DEBUG PackageRelationshipCollection:307 - Parsing relationship: /xl/worksheets/_rels/sheet1.xml.rels
2024-06-25 11:30:43 DEBUG PackageRelationshipCollection:307 - Parsing relationship: /_rels/.rels
2024-06-25 11:30:43 DEBUG PackageRelationshipCollection:307 - Parsing relationship: /xl/_rels/workbook.xml.rels
2024-06-25 11:30:43 DEBUG PackageRelationshipCollection:307 - Parsing relationship: /xl/worksheets/_rels/sheet1.xml.rels
2024-06-25 11:30:43 DEBUG PackageRelationshipCollection:307 - Parsing relationship: /_rels/.rels
2024-06-25 11:30:43 DEBUG PackageRelationshipCollection:307 - Parsing relationship: /xl/_rels/workbook.xml.rels
2024-06-25 11:30:43 DEBUG PackageRelationshipCollection:307 - Parsing relationship: /xl/worksheets/_rels/sheet1.xml.rels
2024-06-25 11:30:43 DEBUG PackageRelationshipCollection:307 - Parsing relationship: /_rels/.rels
2024-06-25 11:30:43 DEBUG PackageRelationshipCollection:307 - Parsing relationship: /xl/_rels/workbook.xml.rels
2024-06-25 11:30:43 DEBUG PackageRelationshipCollection:307 - Parsing relationship: /xl/worksheets/_rels/sheet1.xml.rels
2024-06-25 11:30:43 DEBUG PackageRelationshipCollection:307 - Parsing relationship: /_rels/.rels
2024-06-25 11:30:43 DEBUG PackageRelationshipCollection:307 - Parsing relationship: /xl/_rels/workbook.xml.rels
2024-06-25 11:30:43 DEBUG PackageRelationshipCollection:307 - Parsing relationship: /xl/worksheets/_rels/sheet1.xml.rels
2024-06-25 11:30:43 DEBUG PackageRelationshipCollection:307 - Parsing relationship: /_rels/.rels
2024-06-25 11:30:43 DEBUG PackageRelationshipCollection:307 - Parsing relationship: /xl/_rels/workbook.xml.rels
2024-06-25 11:30:43 DEBUG PackageRelationshipCollection:307 - Parsing relationship: /xl/worksheets/_rels/sheet1.xml.rels
2024-06-25 11:30:43 DEBUG PackageRelationshipCollection:307 - Parsing relationship: /_rels/.rels
2024-06-25 11:30:43 DEBUG PackageRelationshipCollection:307 - Parsing relationship: /xl/_rels/workbook.xml.rels
2024-06-25 11:30:43 DEBUG PackageRelationshipCollection:307 - Parsing relationship: /xl/worksheets/_rels/sheet1.xml.rels
2024-06-25 11:30:43 DEBUG PackageRelationshipCollection:307 - Parsing relationship: /_rels/.rels
2024-06-25 11:30:43 DEBUG PackageRelationshipCollection:307 - Parsing relationship: /xl/_rels/workbook.xml.rels
2024-06-25 11:30:43 DEBUG PackageRelationshipCollection:307 - Parsing relationship: /xl/worksheets/_rels/sheet1.xml.rels
2024-06-25 11:30:43 DEBUG PackageRelationshipCollection:307 - Parsing relationship: /_rels/.rels
2024-06-25 11:30:43 DEBUG PackageRelationshipCollection:307 - Parsing relationship: /xl/_rels/workbook.xml.rels
2024-06-25 11:30:43 DEBUG PackageRelationshipCollection:307 - Parsing relationship: /xl/worksheets/_rels/sheet1.xml.rels
2024-06-25 11:30:43 DEBUG PackageRelationshipCollection:307 - Parsing relationship: /_rels/.rels
2024-06-25 11:30:43 DEBUG PackageRelationshipCollection:307 - Parsing relationship: /xl/_rels/workbook.xml.rels
2024-06-25 11:30:43 DEBUG PackageRelationshipCollection:307 - Parsing relationship: /xl/worksheets/_rels/sheet1.xml.rels
2024-06-25 11:30:43 DEBUG PackageRelationshipCollection:307 - Parsing relationship: /_rels/.rels
2024-06-25 11:30:43 DEBUG PackageRelationshipCollection:307 - Parsing relationship: /xl/_rels/workbook.xml.rels
2024-06-25 11:30:43 DEBUG PackageRelationshipCollection:307 - Parsing relationship: /xl/worksheets/_rels/sheet1.xml.rels
2024-06-25 11:30:43 DEBUG PackageRelationshipCollection:307 - Parsing relationship: /_rels/.rels
2024-06-25 11:30:43 INFO  TC003_DDTLoginTest:19 - ***Starting TC003_DDTLoginTest***
2024-06-25 11:30:45 INFO  TC003_DDTLoginTest:68 - ***Finished TC003_DDTLoginTest***
2024-06-25 11:30:45 INFO  TC003_DDTLoginTest:19 - ***Starting TC003_DDTLoginTest***
2024-06-25 11:31:05 INFO  TC003_DDTLoginTest:68 - ***Finished TC003_DDTLoginTest***
2024-06-25 11:31:05 INFO  TC003_DDTLoginTest:19 - ***Starting TC003_DDTLoginTest***
2024-06-25 11:31:26 INFO  TC003_DDTLoginTest:68 - ***Finished TC003_DDTLoginTest***
2024-06-25 11:31:26 INFO  TC003_DDTLoginTest:19 - ***Starting TC003_DDTLoginTest***
2024-06-25 11:31:47 INFO  TC003_DDTLoginTest:68 - ***Finished TC003_DDTLoginTest***
2024-06-25 11:31:47 INFO  TC003_DDTLoginTest:19 - ***Starting TC003_DDTLoginTest***
2024-06-25 11:31:49 INFO  TC003_DDTLoginTest:68 - ***Finished TC003_DDTLoginTest***
2024-06-25 13:21:34 DEBUG TestNG:82 - suiteXmlPath: "C:\Users\gopika.a\SeleniumUdemy\OpenCartV12\master.xml"
2024-06-25 13:21:40 DEBUG PackageRelationshipCollection:307 - Parsing relationship: /xl/_rels/workbook.xml.rels
2024-06-25 13:21:40 DEBUG PackageRelationshipCollection:307 - Parsing relationship: /xl/worksheets/_rels/sheet1.xml.rels
2024-06-25 13:21:40 DEBUG PackageRelationshipCollection:307 - Parsing relationship: /_rels/.rels
2024-06-25 13:21:41 DEBUG PackageRelationshipCollection:307 - Parsing relationship: /xl/_rels/workbook.xml.rels
2024-06-25 13:21:41 DEBUG PackageRelationshipCollection:307 - Parsing relationship: /xl/worksheets/_rels/sheet1.xml.rels
2024-06-25 13:21:41 DEBUG PackageRelationshipCollection:307 - Parsing relationship: /_rels/.rels
2024-06-25 13:21:41 DEBUG PackageRelationshipCollection:307 - Parsing relationship: /xl/_rels/workbook.xml.rels
2024-06-25 13:21:41 DEBUG PackageRelationshipCollection:307 - Parsing relationship: /xl/worksheets/_rels/sheet1.xml.rels
2024-06-25 13:21:41 DEBUG PackageRelationshipCollection:307 - Parsing relationship: /_rels/.rels
2024-06-25 13:21:41 DEBUG PackageRelationshipCollection:307 - Parsing relationship: /xl/_rels/workbook.xml.rels
2024-06-25 13:21:41 DEBUG PackageRelationshipCollection:307 - Parsing relationship: /xl/worksheets/_rels/sheet1.xml.rels
2024-06-25 13:21:41 DEBUG PackageRelationshipCollection:307 - Parsing relationship: /_rels/.rels
2024-06-25 13:21:41 DEBUG PackageRelationshipCollection:307 - Parsing relationship: /xl/_rels/workbook.xml.rels
2024-06-25 13:21:41 DEBUG PackageRelationshipCollection:307 - Parsing relationship: /xl/worksheets/_rels/sheet1.xml.rels
2024-06-25 13:21:41 DEBUG PackageRelationshipCollection:307 - Parsing relationship: /_rels/.rels
2024-06-25 13:21:41 DEBUG PackageRelationshipCollection:307 - Parsing relationship: /xl/_rels/workbook.xml.rels
2024-06-25 13:21:41 DEBUG PackageRelationshipCollection:307 - Parsing relationship: /xl/worksheets/_rels/sheet1.xml.rels
2024-06-25 13:21:41 DEBUG PackageRelationshipCollection:307 - Parsing relationship: /_rels/.rels
2024-06-25 13:21:41 DEBUG PackageRelationshipCollection:307 - Parsing relationship: /xl/_rels/workbook.xml.rels
2024-06-25 13:21:41 DEBUG PackageRelationshipCollection:307 - Parsing relationship: /xl/worksheets/_rels/sheet1.xml.rels
2024-06-25 13:21:41 DEBUG PackageRelationshipCollection:307 - Parsing relationship: /_rels/.rels
2024-06-25 13:21:41 DEBUG PackageRelationshipCollection:307 - Parsing relationship: /xl/_rels/workbook.xml.rels
2024-06-25 13:21:41 DEBUG PackageRelationshipCollection:307 - Parsing relationship: /xl/worksheets/_rels/sheet1.xml.rels
2024-06-25 13:21:41 DEBUG PackageRelationshipCollection:307 - Parsing relationship: /_rels/.rels
2024-06-25 13:21:41 DEBUG PackageRelationshipCollection:307 - Parsing relationship: /xl/_rels/workbook.xml.rels
2024-06-25 13:21:41 DEBUG PackageRelationshipCollection:307 - Parsing relationship: /xl/worksheets/_rels/sheet1.xml.rels
2024-06-25 13:21:41 DEBUG PackageRelationshipCollection:307 - Parsing relationship: /_rels/.rels
2024-06-25 13:21:41 DEBUG PackageRelationshipCollection:307 - Parsing relationship: /xl/_rels/workbook.xml.rels
2024-06-25 13:21:41 DEBUG PackageRelationshipCollection:307 - Parsing relationship: /xl/worksheets/_rels/sheet1.xml.rels
2024-06-25 13:21:41 DEBUG PackageRelationshipCollection:307 - Parsing relationship: /_rels/.rels
2024-06-25 13:21:41 DEBUG PackageRelationshipCollection:307 - Parsing relationship: /xl/_rels/workbook.xml.rels
2024-06-25 13:21:41 DEBUG PackageRelationshipCollection:307 - Parsing relationship: /xl/worksheets/_rels/sheet1.xml.rels
2024-06-25 13:21:41 DEBUG PackageRelationshipCollection:307 - Parsing relationship: /_rels/.rels
2024-06-25 13:21:41 DEBUG PackageRelationshipCollection:307 - Parsing relationship: /xl/_rels/workbook.xml.rels
2024-06-25 13:21:41 DEBUG PackageRelationshipCollection:307 - Parsing relationship: /xl/worksheets/_rels/sheet1.xml.rels
2024-06-25 13:21:41 DEBUG PackageRelationshipCollection:307 - Parsing relationship: /_rels/.rels
2024-06-25 13:21:41 DEBUG PackageRelationshipCollection:307 - Parsing relationship: /xl/_rels/workbook.xml.rels
2024-06-25 13:21:41 DEBUG PackageRelationshipCollection:307 - Parsing relationship: /xl/worksheets/_rels/sheet1.xml.rels
2024-06-25 13:21:41 DEBUG PackageRelationshipCollection:307 - Parsing relationship: /_rels/.rels
2024-06-25 13:21:41 DEBUG PackageRelationshipCollection:307 - Parsing relationship: /xl/_rels/workbook.xml.rels
2024-06-25 13:21:41 DEBUG PackageRelationshipCollection:307 - Parsing relationship: /xl/worksheets/_rels/sheet1.xml.rels
2024-06-25 13:21:41 DEBUG PackageRelationshipCollection:307 - Parsing relationship: /_rels/.rels
2024-06-25 13:21:41 DEBUG PackageRelationshipCollection:307 - Parsing relationship: /xl/_rels/workbook.xml.rels
2024-06-25 13:21:41 DEBUG PackageRelationshipCollection:307 - Parsing relationship: /xl/worksheets/_rels/sheet1.xml.rels
2024-06-25 13:21:41 DEBUG PackageRelationshipCollection:307 - Parsing relationship: /_rels/.rels
2024-06-25 13:21:41 DEBUG PackageRelationshipCollection:307 - Parsing relationship: /xl/_rels/workbook.xml.rels
2024-06-25 13:21:41 DEBUG PackageRelationshipCollection:307 - Parsing relationship: /xl/worksheets/_rels/sheet1.xml.rels
2024-06-25 13:21:41 DEBUG PackageRelationshipCollection:307 - Parsing relationship: /_rels/.rels
2024-06-25 13:21:41 DEBUG PackageRelationshipCollection:307 - Parsing relationship: /xl/_rels/workbook.xml.rels
2024-06-25 13:21:41 DEBUG PackageRelationshipCollection:307 - Parsing relationship: /xl/worksheets/_rels/sheet1.xml.rels
2024-06-25 13:21:41 DEBUG PackageRelationshipCollection:307 - Parsing relationship: /_rels/.rels
2024-06-25 13:21:41 INFO  TC003_DDTLoginTest:19 - ***Starting TC003_DDTLoginTest***
2024-06-25 13:21:42 INFO  TC003_DDTLoginTest:68 - ***Finished TC003_DDTLoginTest***
2024-06-25 13:21:43 INFO  TC003_DDTLoginTest:19 - ***Starting TC003_DDTLoginTest***
2024-06-25 13:22:03 INFO  TC003_DDTLoginTest:68 - ***Finished TC003_DDTLoginTest***
2024-06-25 13:22:03 INFO  TC003_DDTLoginTest:19 - ***Starting TC003_DDTLoginTest***
2024-06-25 13:22:24 INFO  TC003_DDTLoginTest:68 - ***Finished TC003_DDTLoginTest***
2024-06-25 13:22:24 INFO  TC003_DDTLoginTest:19 - ***Starting TC003_DDTLoginTest***
2024-06-25 13:22:45 INFO  TC003_DDTLoginTest:68 - ***Finished TC003_DDTLoginTest***
2024-06-25 13:22:45 INFO  TC003_DDTLoginTest:19 - ***Starting TC003_DDTLoginTest***
2024-06-25 13:22:47 INFO  TC003_DDTLoginTest:68 - ***Finished TC003_DDTLoginTest***
2024-06-25 13:40:20 DEBUG TestNG:82 - suiteXmlPath: "C:\Users\gopika.a\SeleniumUdemy\OpenCartV12\master.xml"
2024-06-25 13:40:24 DEBUG PackageRelationshipCollection:307 - Parsing relationship: /xl/_rels/workbook.xml.rels
2024-06-25 13:40:24 DEBUG PackageRelationshipCollection:307 - Parsing relationship: /xl/worksheets/_rels/sheet1.xml.rels
2024-06-25 13:40:24 DEBUG PackageRelationshipCollection:307 - Parsing relationship: /_rels/.rels
2024-06-25 13:40:24 DEBUG PackageRelationshipCollection:307 - Parsing relationship: /xl/_rels/workbook.xml.rels
2024-06-25 13:40:24 DEBUG PackageRelationshipCollection:307 - Parsing relationship: /xl/worksheets/_rels/sheet1.xml.rels
2024-06-25 13:40:24 DEBUG PackageRelationshipCollection:307 - Parsing relationship: /_rels/.rels
2024-06-25 13:40:24 DEBUG PackageRelationshipCollection:307 - Parsing relationship: /xl/_rels/workbook.xml.rels
2024-06-25 13:40:24 DEBUG PackageRelationshipCollection:307 - Parsing relationship: /xl/worksheets/_rels/sheet1.xml.rels
2024-06-25 13:40:24 DEBUG PackageRelationshipCollection:307 - Parsing relationship: /_rels/.rels
2024-06-25 13:40:24 DEBUG PackageRelationshipCollection:307 - Parsing relationship: /xl/_rels/workbook.xml.rels
2024-06-25 13:40:24 DEBUG PackageRelationshipCollection:307 - Parsing relationship: /xl/worksheets/_rels/sheet1.xml.rels
2024-06-25 13:40:24 DEBUG PackageRelationshipCollection:307 - Parsing relationship: /_rels/.rels
2024-06-25 13:40:24 DEBUG PackageRelationshipCollection:307 - Parsing relationship: /xl/_rels/workbook.xml.rels
2024-06-25 13:40:24 DEBUG PackageRelationshipCollection:307 - Parsing relationship: /xl/worksheets/_rels/sheet1.xml.rels
2024-06-25 13:40:24 DEBUG PackageRelationshipCollection:307 - Parsing relationship: /_rels/.rels
2024-06-25 13:40:24 DEBUG PackageRelationshipCollection:307 - Parsing relationship: /xl/_rels/workbook.xml.rels
2024-06-25 13:40:24 DEBUG PackageRelationshipCollection:307 - Parsing relationship: /xl/worksheets/_rels/sheet1.xml.rels
2024-06-25 13:40:24 DEBUG PackageRelationshipCollection:307 - Parsing relationship: /_rels/.rels
2024-06-25 13:40:25 DEBUG PackageRelationshipCollection:307 - Parsing relationship: /xl/_rels/workbook.xml.rels
2024-06-25 13:40:25 DEBUG PackageRelationshipCollection:307 - Parsing relationship: /xl/worksheets/_rels/sheet1.xml.rels
2024-06-25 13:40:25 DEBUG PackageRelationshipCollection:307 - Parsing relationship: /_rels/.rels
2024-06-25 13:40:25 DEBUG PackageRelationshipCollection:307 - Parsing relationship: /xl/_rels/workbook.xml.rels
2024-06-25 13:40:25 DEBUG PackageRelationshipCollection:307 - Parsing relationship: /xl/worksheets/_rels/sheet1.xml.rels
2024-06-25 13:40:25 DEBUG PackageRelationshipCollection:307 - Parsing relationship: /_rels/.rels
2024-06-25 13:40:25 DEBUG PackageRelationshipCollection:307 - Parsing relationship: /xl/_rels/workbook.xml.rels
2024-06-25 13:40:25 DEBUG PackageRelationshipCollection:307 - Parsing relationship: /xl/worksheets/_rels/sheet1.xml.rels
2024-06-25 13:40:25 DEBUG PackageRelationshipCollection:307 - Parsing relationship: /_rels/.rels
2024-06-25 13:40:25 DEBUG PackageRelationshipCollection:307 - Parsing relationship: /xl/_rels/workbook.xml.rels
2024-06-25 13:40:25 DEBUG PackageRelationshipCollection:307 - Parsing relationship: /xl/worksheets/_rels/sheet1.xml.rels
2024-06-25 13:40:25 DEBUG PackageRelationshipCollection:307 - Parsing relationship: /_rels/.rels
2024-06-25 13:40:25 DEBUG PackageRelationshipCollection:307 - Parsing relationship: /xl/_rels/workbook.xml.rels
2024-06-25 13:40:25 DEBUG PackageRelationshipCollection:307 - Parsing relationship: /xl/worksheets/_rels/sheet1.xml.rels
2024-06-25 13:40:25 DEBUG PackageRelationshipCollection:307 - Parsing relationship: /_rels/.rels
2024-06-25 13:40:25 DEBUG PackageRelationshipCollection:307 - Parsing relationship: /xl/_rels/workbook.xml.rels
2024-06-25 13:40:25 DEBUG PackageRelationshipCollection:307 - Parsing relationship: /xl/worksheets/_rels/sheet1.xml.rels
2024-06-25 13:40:25 DEBUG PackageRelationshipCollection:307 - Parsing relationship: /_rels/.rels
2024-06-25 13:40:25 DEBUG PackageRelationshipCollection:307 - Parsing relationship: /xl/_rels/workbook.xml.rels
2024-06-25 13:40:25 DEBUG PackageRelationshipCollection:307 - Parsing relationship: /xl/worksheets/_rels/sheet1.xml.rels
2024-06-25 13:40:25 DEBUG PackageRelationshipCollection:307 - Parsing relationship: /_rels/.rels
2024-06-25 13:40:25 DEBUG PackageRelationshipCollection:307 - Parsing relationship: /xl/_rels/workbook.xml.rels
2024-06-25 13:40:25 DEBUG PackageRelationshipCollection:307 - Parsing relationship: /xl/worksheets/_rels/sheet1.xml.rels
2024-06-25 13:40:25 DEBUG PackageRelationshipCollection:307 - Parsing relationship: /_rels/.rels
2024-06-25 13:40:25 DEBUG PackageRelationshipCollection:307 - Parsing relationship: /xl/_rels/workbook.xml.rels
2024-06-25 13:40:25 DEBUG PackageRelationshipCollection:307 - Parsing relationship: /xl/worksheets/_rels/sheet1.xml.rels
2024-06-25 13:40:25 DEBUG PackageRelationshipCollection:307 - Parsing relationship: /_rels/.rels
2024-06-25 13:40:25 DEBUG PackageRelationshipCollection:307 - Parsing relationship: /xl/_rels/workbook.xml.rels
2024-06-25 13:40:25 DEBUG PackageRelationshipCollection:307 - Parsing relationship: /xl/worksheets/_rels/sheet1.xml.rels
2024-06-25 13:40:25 DEBUG PackageRelationshipCollection:307 - Parsing relationship: /_rels/.rels
2024-06-25 13:40:25 DEBUG PackageRelationshipCollection:307 - Parsing relationship: /xl/_rels/workbook.xml.rels
2024-06-25 13:40:25 DEBUG PackageRelationshipCollection:307 - Parsing relationship: /xl/worksheets/_rels/sheet1.xml.rels
2024-06-25 13:40:25 DEBUG PackageRelationshipCollection:307 - Parsing relationship: /_rels/.rels
2024-06-25 13:40:25 INFO  TC003_DDTLoginTest:19 - ***Starting TC003_DDTLoginTest***
2024-06-25 13:40:26 INFO  TC003_DDTLoginTest:68 - ***Finished TC003_DDTLoginTest***
2024-06-25 13:40:26 INFO  TC003_DDTLoginTest:19 - ***Starting TC003_DDTLoginTest***
2024-06-25 13:40:47 INFO  TC003_DDTLoginTest:68 - ***Finished TC003_DDTLoginTest***
2024-06-25 13:40:47 INFO  TC003_DDTLoginTest:19 - ***Starting TC003_DDTLoginTest***
2024-06-25 13:41:08 INFO  TC003_DDTLoginTest:68 - ***Finished TC003_DDTLoginTest***
2024-06-25 13:41:08 INFO  TC003_DDTLoginTest:19 - ***Starting TC003_DDTLoginTest***
2024-06-25 13:41:29 INFO  TC003_DDTLoginTest:68 - ***Finished TC003_DDTLoginTest***
2024-06-25 13:41:29 INFO  TC003_DDTLoginTest:19 - ***Starting TC003_DDTLoginTest***
2024-06-25 13:41:36 INFO  TC003_DDTLoginTest:68 - ***Finished TC003_DDTLoginTest***
